[16:02:53] [main/INFO]: Setting user: Player818
[16:02:57] [Client thread/INFO]: LWJGL Version: 2.9.1
[16:03:04] [Client thread/INFO]: Reloading ResourceManager: Default, FMLFileResourcePack:Forge Mod Loader, FMLFileResourcePack:Minecraft Forge, FMLFileResourcePack:Not Enough Items, FMLFileResourcePack:Advanced Energies, FMLFileResourcePack:IndustrialCraft 2
[16:03:09] [Sound Library Loader/INFO]: Sound engine started
[16:03:20] [Client thread/INFO]: Created: 1024x512 textures/blocks-atlas
[16:03:32] [Client thread/INFO]: Created: 512x512 textures/items-atlas
[16:03:34] [Client thread/INFO]: Reloading ResourceManager: Default, FMLFileResourcePack:Forge Mod Loader, FMLFileResourcePack:Minecraft Forge, FMLFileResourcePack:Not Enough Items, FMLFileResourcePack:Advanced Energies, FMLFileResourcePack:IndustrialCraft 2
[16:03:36] [Client thread/INFO]: Created: 1024x512 textures/blocks-atlas
[16:03:48] [Client thread/INFO]: Created: 512x512 textures/items-atlas
[16:03:50] [Sound Library Loader/INFO]: Sound engine started
[16:04:01] [Server thread/INFO]: Starting integrated minecraft server version 1.7.10
[16:04:01] [Server thread/INFO]: Generating keypair
[16:04:01] [Server thread/INFO]: Preparing start region for level 0
[16:04:02] [Server thread/INFO]: Preparing spawn area: 74%
[16:04:03] [Server thread/INFO]: Changing view distance to 2, from 10
[16:04:04] [Server thread/INFO]: Player818[local:E:5d55298e] logged in with entity id 345 at (5.44094276347246, 68.0, 231.0164073664183)
[16:04:04] [Server thread/INFO]: Player818 joined the game
[16:04:13] [Server thread/INFO]: Saving and pausing game...
[16:04:13] [Server thread/INFO]: Saving chunks for level 'New World'/Overworld
[16:04:14] [Server thread/INFO]: Saving chunks for level 'New World'/Nether
[16:04:14] [Server thread/INFO]: Saving chunks for level 'New World'/The End
[16:08:35] [Client thread/INFO]: Stopping!
[16:08:35] [Server thread/INFO]: Stopping server
[16:08:35] [Server thread/INFO]: Saving players
[16:08:35] [Server thread/INFO]: Saving worlds
[16:08:35] [Server thread/INFO]: Saving chunks for level 'New World'/Overworld
[16:08:35] [Server thread/INFO]: Saving chunks for level 'New World'/Nether
[16:08:35] [Server thread/INFO]: Saving chunks for level 'New World'/The End
[16:08:43] [Client thread/INFO]: Created: 1024x512 textures/blocks-atlas
[16:08:56] [Client thread/INFO]: Created: 512x512 textures/items-atlas
[16:08:58] [Client thread/INFO]: Reloading ResourceManager: Default, FMLFileResourcePack:Forge Mod Loader, FMLFileResourcePack:Minecraft Forge, FMLFileResourcePack:Not Enough Items, FMLFileResourcePack:Advanced Energies, FMLFileResourcePack:IndustrialCraft 2
[16:09:00] [Client thread/INFO]: Created: 1024x512 textures/blocks-atlas
[16:09:12] [Client thread/INFO]: Created: 512x512 textures/items-atlas
[16:09:14] [Sound Library Loader/INFO]: Sound engine started
[16:09:27] [Server thread/INFO]: Starting integrated minecraft server version 1.7.10
[16:09:27] [Server thread/INFO]: Generating keypair
[16:09:28] [Server thread/INFO]: Preparing start region for level 0
[16:09:29] [Server thread/INFO]: Preparing spawn area: 74%
[16:09:29] [Server thread/INFO]: Changing view distance to 2, from 10
[16:09:30] [Server thread/INFO]: Player819[local:E:0aff89d8] logged in with entity id 335 at (5.44094276347246, 68.0, 231.0164073664183)
[16:09:30] [Server thread/INFO]: Player819 joined the game
