[09:51:53] [main/INFO]: Setting user: Player310
[09:51:57] [Client thread/INFO]: LWJGL Version: 2.9.1
[09:52:08] [Client thread/INFO]: Reloading ResourceManager: Default, FMLFileResourcePack:Forge Mod Loader, FMLFileResourcePack:Minecraft Forge, FMLFileResourcePack:Not Enough Items, FMLFileResourcePack:Advanced Energies, FMLFileResourcePack:IndustrialCraft 2
[09:52:14] [Sound Library Loader/INFO]: Sound engine started
[09:52:34] [Client thread/INFO]: Created: 1024x512 textures/blocks-atlas
[09:52:50] [Client thread/INFO]: Created: 512x512 textures/items-atlas
[09:52:52] [Client thread/INFO]: Reloading ResourceManager: Default, FMLFileResourcePack:Forge Mod Loader, FMLFileResourcePack:Minecraft Forge, FMLFileResourcePack:Not Enough Items, FMLFileResourcePack:Advanced Energies, FMLFileResourcePack:IndustrialCraft 2
[09:52:54] [Client thread/INFO]: Created: 1024x512 textures/blocks-atlas
[09:53:08] [Client thread/INFO]: Created: 512x512 textures/items-atlas
[09:53:10] [Sound Library Loader/INFO]: Sound engine started
[09:53:26] [Server thread/INFO]: Starting integrated minecraft server version 1.7.10
[09:53:26] [Server thread/INFO]: Generating keypair
[09:53:27] [Server thread/INFO]: Preparing start region for level 0
[09:53:28] [Server thread/INFO]: Preparing spawn area: 42%
[09:53:29] [Server thread/INFO]: Changing view distance to 2, from 10
[09:53:30] [Server thread/INFO]: Player310[local:E:d910e3f2] logged in with entity id 346 at (0.8302240395273006, 68.0, 229.57287579022233)
[09:53:30] [Server thread/INFO]: Player310 joined the game
[09:55:55] [Server thread/INFO]: Saving and pausing game...
[09:55:55] [Server thread/INFO]: Saving chunks for level 'New World'/Overworld
[09:55:55] [Server thread/INFO]: Saving chunks for level 'New World'/Nether
[09:55:55] [Server thread/INFO]: Saving chunks for level 'New World'/The End
[09:55:58] [Server thread/INFO]: Saving and pausing game...
[09:55:58] [Server thread/INFO]: Saving chunks for level 'New World'/Overworld
[09:55:58] [Server thread/INFO]: Saving chunks for level 'New World'/Nether
[09:55:58] [Server thread/INFO]: Saving chunks for level 'New World'/The End
[09:56:05] [Server thread/INFO]: Stopping server
[09:56:05] [Server thread/INFO]: Saving players
[09:56:05] [Server thread/INFO]: Saving worlds
[09:56:05] [Server thread/INFO]: Saving chunks for level 'New World'/Overworld
[09:56:05] [Server thread/INFO]: Saving chunks for level 'New World'/Nether
[09:56:05] [Server thread/INFO]: Saving chunks for level 'New World'/The End
[09:56:11] [Client thread/INFO]: Stopping!
